[0m[[0m[0mdebug[0m] [0m[0mRunning TaskDef(GradeSchoolTest, org.scalatest.tools.Framework$$anon$1@314a61, false, [SuiteSelector])[0m
[0m[[0m[0minfo[0m] [0m[0m[32mGradeSchoolTest:[0m[0m
[0m[[0m[0minfo[0m] [0m[0m[32m- empty school[0m[0m
[0m[[0m[0minfo[0m] [0m[0m[32m- add student[0m[0m
[0m[[0m[0minfo[0m] [0m[0m[32m- add more students in same class[0m[0m
[0m[[0m[0minfo[0m] [0m[0m[32m- add students to different grades[0m[0m
[0m[[0m[0minfo[0m] [0m[0m[32m- get students in a grade[0m[0m
[0m[[0m[0minfo[0m] [0m[0m[32m- get students in a non-existent grade[0m[0m
[0m[[0m[0minfo[0m] [0m[0m[31m- sort school *** FAILED ***[0m[0m
[0m[[0m[0minfo[0m] [0m[0m[31m  ListMap(3 -> List("Kyle"), 4 -> List("Jennifer", "Christopher"), 6 -> List("Kareem")) was not equal to Map(3 -> List("Kyle"), 4 -> List("Christopher", "Jennifer"), 6 -> List("Kareem")) (GradeSchoolTest.scala:54)[0m[0m
[0m[[0m[0minfo[0m] [0m[0m[36mRun completed in 765 milliseconds.[0m[0m
[0m[[0m[0minfo[0m] [0m[0m[36mTotal number of tests run: 7[0m[0m
[0m[[0m[0minfo[0m] [0m[0m[36mSuites: completed 1, aborted 0[0m[0m
[0m[[0m[0minfo[0m] [0m[0m[36mTests: succeeded 6, failed 1, canceled 0, ignored 0, pending 0[0m[0m
[0m[[0m[0minfo[0m] [0m[0m[31m*** 1 TEST FAILED ***[0m[0m
[0m[[0m[31merror[0m] [0m[0mFailed tests:[0m
[0m[[0m[31merror[0m] [0m[0m	GradeSchoolTest[0m
[0m[[0m[31merror[0m] [0m[0m(Test / [31mtest[0m) sbt.TestsFailedException: Tests unsuccessful[0m
