<?xml version='1.0' encoding='UTF-8'?>
<testsuite hostname="iMac.local" name="GradeSchoolTest" tests="7" errors="0" failures="1" skipped="0" time="0.057" timestamp="2021-11-05T13:14:13">
          <properties>
[...]
</properties>
          <testcase classname="GradeSchoolTest" name="empty school" time="0.021">
                      
                    </testcase><testcase classname="GradeSchoolTest" name="add student" time="0.002">
                      
                    </testcase><testcase classname="GradeSchoolTest" name="add more students in same class" time="0.001">
                      
                    </testcase><testcase classname="GradeSchoolTest" name="add students to different grades" time="0.0">
                      
                    </testcase><testcase classname="GradeSchoolTest" name="get students in a grade" time="0.001">
                      
                    </testcase><testcase classname="GradeSchoolTest" name="get students in a non-existent grade" time="0.0">
                      
                    </testcase><testcase classname="GradeSchoolTest" name="sort school" time="0.032">
                      <failure message="ListMap(3 -&gt; List(&quot;Kyle&quot;), 4 -&gt; List(&quot;Jennifer&quot;, &quot;Christopher&quot;), 6 -&gt; List(&quot;Kareem&quot;)) was not equal to Map(3 -&gt; List(&quot;Kyle&quot;), 4 -&gt; List(&quot;Christopher&quot;, &quot;Jennifer&quot;), 6 -&gt; List(&quot;Kareem&quot;))" type="org.scalatest.exceptions.TestFailedException">org.scalatest.exceptions.TestFailedException: ListMap(3 -&gt; List(&quot;Kyle&quot;), 4 -&gt; List(&quot;Jennifer&quot;, &quot;Christopher&quot;), 6 -&gt; List(&quot;Kareem&quot;)) was not equal to Map(3 -&gt; List(&quot;Kyle&quot;), 4 -&gt; List(&quot;Christopher&quot;, &quot;Jennifer&quot;), 6 -&gt; List(&quot;Kareem&quot;))
	at org.scalatest.MatchersHelper$.indicateFailure(MatchersHelper.scala:340)
	at org.scalatest.Matchers$ShouldMethodHelper$.shouldMatcher(Matchers.scala:6668)
	at org.scalatest.Matchers$AnyShouldWrapper.should(Matchers.scala:6704)
	at GradeSchoolTest.$anonfun$new$7(GradeSchoolTest.scala:54)
	at org.scalatest.OutcomeOf.outcomeOf(OutcomeOf.scala:85)
	at org.scalatest.OutcomeOf.outcomeOf$(OutcomeOf.scala:83)
	at org.scalatest.OutcomeOf$.outcomeOf(OutcomeOf.scala:104)
	at org.scalatest.Transformer.apply(Transformer.scala:22)
	at org.scalatest.Transformer.apply(Transformer.scala:20)
	at org.scalatest.FunSuiteLike$$anon$1.apply(FunSuiteLike.scala:186)
	at org.scalatest.TestSuite.withFixture(TestSuite.scala:196)
	at org.scalatest.TestSuite.withFixture$(TestSuite.scala:195)
	at org.scalatest.FunSuite.withFixture(FunSuite.scala:1560)
	at org.scalatest.FunSuiteLike.invokeWithFixture$1(FunSuiteLike.scala:184)
	at org.scalatest.FunSuiteLike.$anonfun$runTest$1(FunSuiteLike.scala:196)
	at org.scalatest.SuperEngine.runTestImpl(Engine.scala:289)
	at org.scalatest.FunSuiteLike.runTest(FunSuiteLike.scala:196)
	at org.scalatest.FunSuiteLike.runTest$(FunSuiteLike.scala:178)
	at GradeSchoolTest.org$scalatest$OneInstancePerTest$$super$runTest(GradeSchoolTest.scala:4)
	at org.scalatest.OneInstancePerTest.runTest(OneInstancePerTest.scala:131)
	at org.scalatest.OneInstancePerTest.runTest$(OneInstancePerTest.scala:123)
	at GradeSchoolTest.runTest(GradeSchoolTest.scala:4)
	at org.scalatest.OneInstancePerTest.runTests(OneInstancePerTest.scala:181)
	at org.scalatest.OneInstancePerTest.runTests$(OneInstancePerTest.scala:172)
	at GradeSchoolTest.runTests(GradeSchoolTest.scala:4)
	at org.scalatest.Suite.run(Suite.scala:1147)
	at org.scalatest.Suite.run$(Suite.scala:1129)
	at org.scalatest.FunSuite.org$scalatest$FunSuiteLike$$super$run(FunSuite.scala:1560)
	at org.scalatest.FunSuiteLike.$anonfun$run$1(FunSuiteLike.scala:233)
	at org.scalatest.SuperEngine.runImpl(Engine.scala:521)
	at org.scalatest.FunSuiteLike.run(FunSuiteLike.scala:233)
	at org.scalatest.FunSuiteLike.run$(FunSuiteLike.scala:232)
	at org.scalatest.FunSuite.run(FunSuite.scala:1560)
	at org.scalatest.OneInstancePerTest.runTest(OneInstancePerTest.scala:128)
	at org.scalatest.OneInstancePerTest.runTest$(OneInstancePerTest.scala:123)
	at GradeSchoolTest.runTest(GradeSchoolTest.scala:4)
	at org.scalatest.FunSuiteLike.$anonfun$runTests$1(FunSuiteLike.scala:229)
	at org.scalatest.SuperEngine.$anonfun$runTestsInBranch$1(Engine.scala:396)
	at scala.collection.immutable.List.foreach(List.scala:392)
	at org.scalatest.SuperEngine.traverseSubNodes$1(Engine.scala:384)
	at org.scalatest.SuperEngine.runTestsInBranch(Engine.scala:379)
	at org.scalatest.SuperEngine.runTestsImpl(Engine.scala:461)
	at org.scalatest.FunSuiteLike.runTests(FunSuiteLike.scala:229)
	at org.scalatest.FunSuiteLike.runTests$(FunSuiteLike.scala:228)
	at GradeSchoolTest.org$scalatest$OneInstancePerTest$$super$runTests(GradeSchoolTest.scala:4)
	at org.scalatest.OneInstancePerTest.runTests(OneInstancePerTest.scala:188)
	at org.scalatest.OneInstancePerTest.runTests$(OneInstancePerTest.scala:172)
	at GradeSchoolTest.runTests(GradeSchoolTest.scala:4)
	at org.scalatest.Suite.run(Suite.scala:1147)
	at org.scalatest.Suite.run$(Suite.scala:1129)
	at org.scalatest.FunSuite.org$scalatest$FunSuiteLike$$super$run(FunSuite.scala:1560)
	at org.scalatest.FunSuiteLike.$anonfun$run$1(FunSuiteLike.scala:233)
	at org.scalatest.SuperEngine.runImpl(Engine.scala:521)
	at org.scalatest.FunSuiteLike.run(FunSuiteLike.scala:233)
	at org.scalatest.FunSuiteLike.run$(FunSuiteLike.scala:232)
	at org.scalatest.FunSuite.run(FunSuite.scala:1560)
	at org.scalatest.tools.Framework.org$scalatest$tools$Framework$$runSuite(Framework.scala:314)
	at org.scalatest.tools.Framework$ScalaTestTask.execute(Framework.scala:507)
	at sbt.TestRunner.runTest$1(TestFramework.scala:140)
	at sbt.TestRunner.run(TestFramework.scala:155)
	at sbt.TestFramework$$anon$3$$anonfun$$lessinit$greater$1.$anonfun$apply$1(TestFramework.scala:318)
	at sbt.TestFramework$.sbt$TestFramework$$withContextLoader(TestFramework.scala:278)
	at sbt.TestFramework$$anon$3$$anonfun$$lessinit$greater$1.apply(TestFramework.scala:318)
	at sbt.TestFramework$$anon$3$$anonfun$$lessinit$greater$1.apply(TestFramework.scala:318)
	at sbt.TestFunction.apply(TestFramework.scala:330)
	at sbt.Tests$.$anonfun$toTask$1(Tests.scala:435)
	at sbt.std.Transform$$anon$3.$anonfun$apply$2(Transform.scala:46)
	at sbt.std.Transform$$anon$4.work(Transform.scala:68)
	at sbt.Execute.$anonfun$submit$2(Execute.scala:282)
	at sbt.internal.util.ErrorHandling$.wideConvert(ErrorHandling.scala:23)
	at sbt.Execute.work(Execute.scala:291)
	at sbt.Execute.$anonfun$submit$1(Execute.scala:282)
	at sbt.ConcurrentRestrictions$$anon$4.$anonfun$submitValid$1(ConcurrentRestrictions.scala:265)
	at sbt.CompletionService$$anon$2.call(CompletionService.scala:64)
	at java.base/java.util.concurrent.FutureTask.run(FutureTask.java:264)
	at java.base/java.util.concurrent.Executors$RunnableAdapter.call(Executors.java:515)
	at java.base/java.util.concurrent.FutureTask.run(FutureTask.java:264)
	at java.base/java.util.concurrent.ThreadPoolExecutor.runWorker(ThreadPoolExecutor.java:1128)
	at java.base/java.util.concurrent.ThreadPoolExecutor$Worker.run(ThreadPoolExecutor.java:628)
	at java.base/java.lang.Thread.run(Thread.java:834)
</failure>
                    </testcase>
          <system-out><![CDATA[]]></system-out>
          <system-err><![CDATA[]]></system-err>
        </testsuite>