<?xml version='1.0' encoding='UTF-8'?>
<testsuite hostname="iMac.local" name="HammingTest" tests="15" errors="0" failures="0" skipped="0" time="0.014" timestamp="2021-11-07T22:38:44">
          <properties>
[...]
</properties>
          <testcase classname="HammingTest" name="empty strands" time="0.011">
                      
                    </testcase><testcase classname="HammingTest" name="identical strands" time="0.0">
                      
                    </testcase><testcase classname="HammingTest" name="long identical strands" time="0.0">
                      
                    </testcase><testcase classname="HammingTest" name="complete distance in single nucleotide strands" time="0.0">
                      
                    </testcase><testcase classname="HammingTest" name="complete distance in small strands" time="0.0">
                      
                    </testcase><testcase classname="HammingTest" name="small distance in small strands" time="0.001">
                      
                    </testcase><testcase classname="HammingTest" name="small distance" time="0.0">
                      
                    </testcase><testcase classname="HammingTest" name="small distance in long strands" time="0.0">
                      
                    </testcase><testcase classname="HammingTest" name="non-unique character in first strand" time="0.001">
                      
                    </testcase><testcase classname="HammingTest" name="non-unique character in second strand" time="0.0">
                      
                    </testcase><testcase classname="HammingTest" name="same nucleotides in different positions" time="0.0">
                      
                    </testcase><testcase classname="HammingTest" name="large distance" time="0.0">
                      
                    </testcase><testcase classname="HammingTest" name="large distance in off-by-one strand" time="0.0">
                      
                    </testcase><testcase classname="HammingTest" name="disallow first strand longer" time="0.001">
                      
                    </testcase><testcase classname="HammingTest" name="disallow second strand longer" time="0.0">
                      
                    </testcase>
          <system-out><![CDATA[]]></system-out>
          <system-err><![CDATA[]]></system-err>
        </testsuite>